2026-05-17T07:48:03.835168Z 0 [System] [MY-015015] [Server] MySQL Server - start.
2026-05-17T07:48:04.509738Z 0 [Warning] [MY-010097] [Server] Insecure configuration for --secure-file-priv: Current value does not restrict location of generated files. Consider setting it to a valid, non-empty path.
2026-05-17T07:48:04.509839Z 0 [System] [MY-010116] [Server] C:\laragon\bin\mysql\mysql-8.4.3-winx64\bin\mysqld (mysqld 8.4.3) starting as process 16196
2026-05-17T07:48:04.643569Z 1 [System] [MY-013576] [InnoDB] InnoDB initialization has started.
2026-05-17T07:48:05.748408Z 1 [System] [MY-013577] [InnoDB] InnoDB initialization has ended.
2026-05-17T07:48:06.916973Z 0 [Warning] [MY-013829] [Server] Missing data directory for ICU regular expressions: C:\laragon\bin\mysql\mysql-8.4.3-winx64\lib\private\.
2026-05-17T07:48:06.940185Z 0 [Warning] [MY-010068] [Server] CA certificate ca.pem is self signed.
2026-05-17T07:48:06.940817Z 0 [System] [MY-013602] [Server] Channel mysql_main configured to support TLS. Encrypted connections are now supported for this channel.
2026-05-17T07:48:07.018722Z 0 [System] [MY-011323] [Server] X Plugin ready for connections. Bind-address: '::' port: 33060
2026-05-17T07:48:07.018882Z 0 [System] [MY-010931] [Server] C:\laragon\bin\mysql\mysql-8.4.3-winx64\bin\mysqld: ready for connections. Version: '8.4.3'  socket: ''  port: 3306  MySQL Community Server - GPL.
2026-05-17T08:24:00.186763Z 79 [System] [MY-013172] [Server] Received SHUTDOWN from user root. Shutting down mysqld (Version: 8.4.3).
2026-05-17T08:24:00.188114Z 0 [System] [MY-013105] [Server] C:\laragon\bin\mysql\mysql-8.4.3-winx64\bin\mysqld: Normal shutdown.
2026-05-17T08:24:01.112790Z 0 [System] [MY-010910] [Server] C:\laragon\bin\mysql\mysql-8.4.3-winx64\bin\mysqld: Shutdown complete (mysqld 8.4.3)  MySQL Community Server - GPL.
2026-05-17T08:24:01.113280Z 0 [System] [MY-015016] [Server] MySQL Server - end.
2026-05-17T08:24:44.642236Z 0 [System] [MY-015015] [Server] MySQL Server - start.
2026-05-17T08:24:44.800922Z 0 [Warning] [MY-010097] [Server] Insecure configuration for --secure-file-priv: Current value does not restrict location of generated files. Consider setting it to a valid, non-empty path.
2026-05-17T08:24:44.800971Z 0 [System] [MY-010116] [Server] C:\laragon\bin\mysql\mysql-8.4.3-winx64\bin\mysqld (mysqld 8.4.3) starting as process 8332
2026-05-17T08:24:44.853839Z 1 [System] [MY-013576] [InnoDB] InnoDB initialization has started.
2026-05-17T08:24:46.341094Z 1 [System] [MY-013577] [InnoDB] InnoDB initialization has ended.
2026-05-17T08:24:47.762627Z 0 [Warning] [MY-013829] [Server] Missing data directory for ICU regular expressions: C:\laragon\bin\mysql\mysql-8.4.3-winx64\lib\private\.
2026-05-17T08:24:47.820477Z 0 [Warning] [MY-010068] [Server] CA certificate ca.pem is self signed.
2026-05-17T08:24:47.820910Z 0 [System] [MY-013602] [Server] Channel mysql_main configured to support TLS. Encrypted connections are now supported for this channel.
2026-05-17T08:24:48.083994Z 0 [System] [MY-011323] [Server] X Plugin ready for connections. Bind-address: '::' port: 33060
2026-05-17T08:24:48.084103Z 0 [System] [MY-010931] [Server] C:\laragon\bin\mysql\mysql-8.4.3-winx64\bin\mysqld: ready for connections. Version: '8.4.3'  socket: ''  port: 3306  MySQL Community Server - GPL.
2026-05-17T08:27:27.217771Z 0 [System] [MY-015015] [Server] MySQL Server - start.
2026-05-17T08:27:27.452102Z 0 [Warning] [MY-010097] [Server] Insecure configuration for --secure-file-priv: Current value does not restrict location of generated files. Consider setting it to a valid, non-empty path.
2026-05-17T08:27:27.452167Z 0 [System] [MY-010116] [Server] C:\laragon\bin\mysql\mysql-8.4.3-winx64\bin\mysqld (mysqld 8.4.3) starting as process 15592
2026-05-17T08:27:27.507351Z 1 [System] [MY-013576] [InnoDB] InnoDB initialization has started.
2026-05-17T08:27:27.508218Z 1 [ERROR] [MY-012271] [InnoDB] The innodb_system data file 'ibdata1' must be writable
2026-05-17T08:27:27.508626Z 1 [ERROR] [MY-012278] [InnoDB] The innodb_system data file 'ibdata1' must be writable
2026-05-17T08:27:27.509160Z 1 [ERROR] [MY-010334] [Server] Failed to initialize DD Storage Engine
2026-05-17T08:27:27.511205Z 0 [ERROR] [MY-010020] [Server] Data Dictionary initialization failed.
2026-05-17T08:27:27.511601Z 0 [ERROR] [MY-010119] [Server] Aborting
2026-05-17T08:27:27.515988Z 0 [System] [MY-010910] [Server] C:\laragon\bin\mysql\mysql-8.4.3-winx64\bin\mysqld: Shutdown complete (mysqld 8.4.3)  MySQL Community Server - GPL.
2026-05-17T08:27:27.516483Z 0 [System] [MY-015016] [Server] MySQL Server - end.
